ERROR - 2025-02-18 11:45:01 --> mysqli_sql_exception: Le champ 'statut_paiement' ne peut être vide (null) in C:\wamp64\www\CI\system\Database\MySQLi\Connection.php:312
Stack trace:
#0 C:\wamp64\www\CI\system\Database\MySQLi\Connection.php(312): mysqli->query('INSERT INTO `te...', 0)
#1 C:\wamp64\www\CI\system\Database\BaseConnection.php(734): CodeIgniter\Database\MySQLi\Connection->execute('INSERT INTO `te...')
#2 C:\wamp64\www\CI\system\Database\BaseConnection.php(648): CodeIgniter\Database\BaseConnection->simpleQuery('INSERT INTO `te...')
#3 C:\wamp64\www\CI\system\Database\BaseBuilder.php(2340): CodeIgniter\Database\BaseConnection->query('INSERT INTO `te...', Array, false)
#4 C:\wamp64\www\CI\system\Model.php(394): CodeIgniter\Database\BaseBuilder->insert()
#5 C:\wamp64\www\CI\system\BaseModel.php(839): CodeIgniter\Model->doInsert(Array)
#6 C:\wamp64\www\CI\system\Model.php(800): CodeIgniter\BaseModel->insert(Array, true)
#7 C:\wamp64\www\CI\app\Controllers\Teachers.php(45): CodeIgniter\Model->insert(Array)
#8 C:\wamp64\www\CI\system\CodeIgniter.php(933): App\Controllers\Teachers->create()
#9 C:\wamp64\www\CI\system\CodeIgniter.php(509): CodeIgniter\CodeIgniter->runController(Object(App\Controllers\Teachers))
#10 C:\wamp64\www\CI\system\CodeIgniter.php(355): CodeIgniter\CodeIgniter->handleRequest(NULL, Object(Config\Cache), false)
#11 C:\wamp64\www\CI\system\Boot.php(334): CodeIgniter\CodeIgniter->run()
#12 C:\wamp64\www\CI\system\Boot.php(67): CodeIgniter\Boot::runCodeIgniter(Object(CodeIgniter\CodeIgniter))
#13 C:\wamp64\www\CI\public\index.php(56): CodeIgniter\Boot::bootWeb(Object(Config\Paths))
#14 {main}
CRITICAL - 2025-02-18 11:45:02 --> CodeIgniter\Database\Exceptions\DatabaseException: Le champ 'statut_paiement' ne peut être vide (null)
[Method: POST, Route: teachers/create]
in SYSTEMPATH\Database\BaseConnection.php on line 688.
 1 SYSTEMPATH\Database\BaseBuilder.php(2340): CodeIgniter\Database\BaseConnection->query('INSERT INTO `teacher` (`nom`, `contact`, `email`, `intervenant`, `statut_paiement`) VALUES (:nom:, :contact:, :email:, :intervenant:, :statut_paiement:)', [...], false)
 2 SYSTEMPATH\Model.php(394): CodeIgniter\Database\BaseBuilder->insert()
 3 SYSTEMPATH\BaseModel.php(839): CodeIgniter\Model->doInsert([...])
 4 SYSTEMPATH\Model.php(800): CodeIgniter\BaseModel->insert([...], true)
 5 APPPATH\Controllers\Teachers.php(45): CodeIgniter\Model->insert([...])
 6 SYSTEMPATH\CodeIgniter.php(933): App\Controllers\Teachers->create()
 7 SYSTEMPATH\CodeIgniter.php(509): CodeIgniter\CodeIgniter->runController(Object(App\Controllers\Teachers))
 8 SYSTEMPATH\CodeIgniter.php(355): CodeIgniter\CodeIgniter->handleRequest(null, Object(Config\Cache), false)
 9 SYSTEMPATH\Boot.php(334): CodeIgniter\CodeIgniter->run()
10 SYSTEMPATH\Boot.php(67): CodeIgniter\Boot::runCodeIgniter(Object(CodeIgniter\CodeIgniter))
11 FCPATH\index.php(56): CodeIgniter\Boot::bootWeb(Object(Config\Paths))
CRITICAL - 2025-02-18 11:45:02 --> [Caused by] CodeIgniter\Database\Exceptions\DatabaseException: Le champ 'statut_paiement' ne peut être vide (null)
in SYSTEMPATH\Database\MySQLi\Connection.php on line 317.
 1 SYSTEMPATH\Database\BaseConnection.php(734): CodeIgniter\Database\MySQLi\Connection->execute('INSERT INTO `teacher` (`nom`, `contact`, `email`, `intervenant`, `statut_paiement`) VALUES (\'MISANDY\', \'034XXXXXXX\', \'misandy@gmail.com\', \'Csharp\', NULL)')
 2 SYSTEMPATH\Database\BaseConnection.php(648): CodeIgniter\Database\BaseConnection->simpleQuery('INSERT INTO `teacher` (`nom`, `contact`, `email`, `intervenant`, `statut_paiement`) VALUES (\'MISANDY\', \'034XXXXXXX\', \'misandy@gmail.com\', \'Csharp\', NULL)')
 3 SYSTEMPATH\Database\BaseBuilder.php(2340): CodeIgniter\Database\BaseConnection->query('INSERT INTO `teacher` (`nom`, `contact`, `email`, `intervenant`, `statut_paiement`) VALUES (:nom:, :contact:, :email:, :intervenant:, :statut_paiement:)', [...], false)
 4 SYSTEMPATH\Model.php(394): CodeIgniter\Database\BaseBuilder->insert()
 5 SYSTEMPATH\BaseModel.php(839): CodeIgniter\Model->doInsert([...])
 6 SYSTEMPATH\Model.php(800): CodeIgniter\BaseModel->insert([...], true)
 7 APPPATH\Controllers\Teachers.php(45): CodeIgniter\Model->insert([...])
 8 SYSTEMPATH\CodeIgniter.php(933): App\Controllers\Teachers->create()
 9 SYSTEMPATH\CodeIgniter.php(509): CodeIgniter\CodeIgniter->runController(Object(App\Controllers\Teachers))
10 SYSTEMPATH\CodeIgniter.php(355): CodeIgniter\CodeIgniter->handleRequest(null, Object(Config\Cache), false)
11 SYSTEMPATH\Boot.php(334): CodeIgniter\CodeIgniter->run()
12 SYSTEMPATH\Boot.php(67): CodeIgniter\Boot::runCodeIgniter(Object(CodeIgniter\CodeIgniter))
13 FCPATH\index.php(56): CodeIgniter\Boot::bootWeb(Object(Config\Paths))
CRITICAL - 2025-02-18 11:45:02 --> [Caused by] mysqli_sql_exception: Le champ 'statut_paiement' ne peut être vide (null)
in SYSTEMPATH\Database\MySQLi\Connection.php on line 312.
 1 SYSTEMPATH\Database\MySQLi\Connection.php(312): mysqli->query('INSERT INTO `teacher` (`nom`, `contact`, `email`, `intervenant`, `statut_paiement`) VALUES (\'MISANDY\', \'034XXXXXXX\', \'misandy@gmail.com\', \'Csharp\', NULL)', 0)
 2 SYSTEMPATH\Database\BaseConnection.php(734): CodeIgniter\Database\MySQLi\Connection->execute('INSERT INTO `teacher` (`nom`, `contact`, `email`, `intervenant`, `statut_paiement`) VALUES (\'MISANDY\', \'034XXXXXXX\', \'misandy@gmail.com\', \'Csharp\', NULL)')
 3 SYSTEMPATH\Database\BaseConnection.php(648): CodeIgniter\Database\BaseConnection->simpleQuery('INSERT INTO `teacher` (`nom`, `contact`, `email`, `intervenant`, `statut_paiement`) VALUES (\'MISANDY\', \'034XXXXXXX\', \'misandy@gmail.com\', \'Csharp\', NULL)')
 4 SYSTEMPATH\Database\BaseBuilder.php(2340): CodeIgniter\Database\BaseConnection->query('INSERT INTO `teacher` (`nom`, `contact`, `email`, `intervenant`, `statut_paiement`) VALUES (:nom:, :contact:, :email:, :intervenant:, :statut_paiement:)', [...], false)
 5 SYSTEMPATH\Model.php(394): CodeIgniter\Database\BaseBuilder->insert()
 6 SYSTEMPATH\BaseModel.php(839): CodeIgniter\Model->doInsert([...])
 7 SYSTEMPATH\Model.php(800): CodeIgniter\BaseModel->insert([...], true)
 8 APPPATH\Controllers\Teachers.php(45): CodeIgniter\Model->insert([...])
 9 SYSTEMPATH\CodeIgniter.php(933): App\Controllers\Teachers->create()
10 SYSTEMPATH\CodeIgniter.php(509): CodeIgniter\CodeIgniter->runController(Object(App\Controllers\Teachers))
11 SYSTEMPATH\CodeIgniter.php(355): CodeIgniter\CodeIgniter->handleRequest(null, Object(Config\Cache), false)
12 SYSTEMPATH\Boot.php(334): CodeIgniter\CodeIgniter->run()
13 SYSTEMPATH\Boot.php(67): CodeIgniter\Boot::runCodeIgniter(Object(CodeIgniter\CodeIgniter))
14 FCPATH\index.php(56): CodeIgniter\Boot::bootWeb(Object(Config\Paths))
ERROR - 2025-02-18 11:46:50 --> mysqli_sql_exception: Le champ 'statut_paiement' ne peut être vide (null) in C:\wamp64\www\CI\system\Database\MySQLi\Connection.php:312
Stack trace:
#0 C:\wamp64\www\CI\system\Database\MySQLi\Connection.php(312): mysqli->query('INSERT INTO `te...', 0)
#1 C:\wamp64\www\CI\system\Database\BaseConnection.php(734): CodeIgniter\Database\MySQLi\Connection->execute('INSERT INTO `te...')
#2 C:\wamp64\www\CI\system\Database\BaseConnection.php(648): CodeIgniter\Database\BaseConnection->simpleQuery('INSERT INTO `te...')
#3 C:\wamp64\www\CI\system\Database\BaseBuilder.php(2340): CodeIgniter\Database\BaseConnection->query('INSERT INTO `te...', Array, false)
#4 C:\wamp64\www\CI\system\Model.php(394): CodeIgniter\Database\BaseBuilder->insert()
#5 C:\wamp64\www\CI\system\BaseModel.php(839): CodeIgniter\Model->doInsert(Array)
#6 C:\wamp64\www\CI\system\Model.php(800): CodeIgniter\BaseModel->insert(Array, true)
#7 C:\wamp64\www\CI\app\Controllers\Teachers.php(45): CodeIgniter\Model->insert(Array)
#8 C:\wamp64\www\CI\system\CodeIgniter.php(933): App\Controllers\Teachers->create()
#9 C:\wamp64\www\CI\system\CodeIgniter.php(509): CodeIgniter\CodeIgniter->runController(Object(App\Controllers\Teachers))
#10 C:\wamp64\www\CI\system\CodeIgniter.php(355): CodeIgniter\CodeIgniter->handleRequest(NULL, Object(Config\Cache), false)
#11 C:\wamp64\www\CI\system\Boot.php(334): CodeIgniter\CodeIgniter->run()
#12 C:\wamp64\www\CI\system\Boot.php(67): CodeIgniter\Boot::runCodeIgniter(Object(CodeIgniter\CodeIgniter))
#13 C:\wamp64\www\CI\public\index.php(56): CodeIgniter\Boot::bootWeb(Object(Config\Paths))
#14 {main}
CRITICAL - 2025-02-18 11:46:50 --> CodeIgniter\Database\Exceptions\DatabaseException: Le champ 'statut_paiement' ne peut être vide (null)
[Method: POST, Route: teachers/create]
in SYSTEMPATH\Database\BaseConnection.php on line 688.
 1 SYSTEMPATH\Database\BaseBuilder.php(2340): CodeIgniter\Database\BaseConnection->query('INSERT INTO `teacher` (`nom`, `contact`, `email`, `intervenant`, `statut_paiement`) VALUES (:nom:, :contact:, :email:, :intervenant:, :statut_paiement:)', [...], false)
 2 SYSTEMPATH\Model.php(394): CodeIgniter\Database\BaseBuilder->insert()
 3 SYSTEMPATH\BaseModel.php(839): CodeIgniter\Model->doInsert([...])
 4 SYSTEMPATH\Model.php(800): CodeIgniter\BaseModel->insert([...], true)
 5 APPPATH\Controllers\Teachers.php(45): CodeIgniter\Model->insert([...])
 6 SYSTEMPATH\CodeIgniter.php(933): App\Controllers\Teachers->create()
 7 SYSTEMPATH\CodeIgniter.php(509): CodeIgniter\CodeIgniter->runController(Object(App\Controllers\Teachers))
 8 SYSTEMPATH\CodeIgniter.php(355): CodeIgniter\CodeIgniter->handleRequest(null, Object(Config\Cache), false)
 9 SYSTEMPATH\Boot.php(334): CodeIgniter\CodeIgniter->run()
10 SYSTEMPATH\Boot.php(67): CodeIgniter\Boot::runCodeIgniter(Object(CodeIgniter\CodeIgniter))
11 FCPATH\index.php(56): CodeIgniter\Boot::bootWeb(Object(Config\Paths))
CRITICAL - 2025-02-18 11:46:50 --> [Caused by] CodeIgniter\Database\Exceptions\DatabaseException: Le champ 'statut_paiement' ne peut être vide (null)
in SYSTEMPATH\Database\MySQLi\Connection.php on line 317.
 1 SYSTEMPATH\Database\BaseConnection.php(734): CodeIgniter\Database\MySQLi\Connection->execute('INSERT INTO `teacher` (`nom`, `contact`, `email`, `intervenant`, `statut_paiement`) VALUES (\'MISANDY\', \'034XXXXXXX\', \'misandy@gmail.com\', \'Csharp\', NULL)')
 2 SYSTEMPATH\Database\BaseConnection.php(648): CodeIgniter\Database\BaseConnection->simpleQuery('INSERT INTO `teacher` (`nom`, `contact`, `email`, `intervenant`, `statut_paiement`) VALUES (\'MISANDY\', \'034XXXXXXX\', \'misandy@gmail.com\', \'Csharp\', NULL)')
 3 SYSTEMPATH\Database\BaseBuilder.php(2340): CodeIgniter\Database\BaseConnection->query('INSERT INTO `teacher` (`nom`, `contact`, `email`, `intervenant`, `statut_paiement`) VALUES (:nom:, :contact:, :email:, :intervenant:, :statut_paiement:)', [...], false)
 4 SYSTEMPATH\Model.php(394): CodeIgniter\Database\BaseBuilder->insert()
 5 SYSTEMPATH\BaseModel.php(839): CodeIgniter\Model->doInsert([...])
 6 SYSTEMPATH\Model.php(800): CodeIgniter\BaseModel->insert([...], true)
 7 APPPATH\Controllers\Teachers.php(45): CodeIgniter\Model->insert([...])
 8 SYSTEMPATH\CodeIgniter.php(933): App\Controllers\Teachers->create()
 9 SYSTEMPATH\CodeIgniter.php(509): CodeIgniter\CodeIgniter->runController(Object(App\Controllers\Teachers))
10 SYSTEMPATH\CodeIgniter.php(355): CodeIgniter\CodeIgniter->handleRequest(null, Object(Config\Cache), false)
11 SYSTEMPATH\Boot.php(334): CodeIgniter\CodeIgniter->run()
12 SYSTEMPATH\Boot.php(67): CodeIgniter\Boot::runCodeIgniter(Object(CodeIgniter\CodeIgniter))
13 FCPATH\index.php(56): CodeIgniter\Boot::bootWeb(Object(Config\Paths))
CRITICAL - 2025-02-18 11:46:50 --> [Caused by] mysqli_sql_exception: Le champ 'statut_paiement' ne peut être vide (null)
in SYSTEMPATH\Database\MySQLi\Connection.php on line 312.
 1 SYSTEMPATH\Database\MySQLi\Connection.php(312): mysqli->query('INSERT INTO `teacher` (`nom`, `contact`, `email`, `intervenant`, `statut_paiement`) VALUES (\'MISANDY\', \'034XXXXXXX\', \'misandy@gmail.com\', \'Csharp\', NULL)', 0)
 2 SYSTEMPATH\Database\BaseConnection.php(734): CodeIgniter\Database\MySQLi\Connection->execute('INSERT INTO `teacher` (`nom`, `contact`, `email`, `intervenant`, `statut_paiement`) VALUES (\'MISANDY\', \'034XXXXXXX\', \'misandy@gmail.com\', \'Csharp\', NULL)')
 3 SYSTEMPATH\Database\BaseConnection.php(648): CodeIgniter\Database\BaseConnection->simpleQuery('INSERT INTO `teacher` (`nom`, `contact`, `email`, `intervenant`, `statut_paiement`) VALUES (\'MISANDY\', \'034XXXXXXX\', \'misandy@gmail.com\', \'Csharp\', NULL)')
 4 SYSTEMPATH\Database\BaseBuilder.php(2340): CodeIgniter\Database\BaseConnection->query('INSERT INTO `teacher` (`nom`, `contact`, `email`, `intervenant`, `statut_paiement`) VALUES (:nom:, :contact:, :email:, :intervenant:, :statut_paiement:)', [...], false)
 5 SYSTEMPATH\Model.php(394): CodeIgniter\Database\BaseBuilder->insert()
 6 SYSTEMPATH\BaseModel.php(839): CodeIgniter\Model->doInsert([...])
 7 SYSTEMPATH\Model.php(800): CodeIgniter\BaseModel->insert([...], true)
 8 APPPATH\Controllers\Teachers.php(45): CodeIgniter\Model->insert([...])
 9 SYSTEMPATH\CodeIgniter.php(933): App\Controllers\Teachers->create()
10 SYSTEMPATH\CodeIgniter.php(509): CodeIgniter\CodeIgniter->runController(Object(App\Controllers\Teachers))
11 SYSTEMPATH\CodeIgniter.php(355): CodeIgniter\CodeIgniter->handleRequest(null, Object(Config\Cache), false)
12 SYSTEMPATH\Boot.php(334): CodeIgniter\CodeIgniter->run()
13 SYSTEMPATH\Boot.php(67): CodeIgniter\Boot::runCodeIgniter(Object(CodeIgniter\CodeIgniter))
14 FCPATH\index.php(56): CodeIgniter\Boot::bootWeb(Object(Config\Paths))
ERROR - 2025-02-18 11:59:27 --> mysqli_sql_exception: Le champ 'statut_paiement' ne peut être vide (null) in C:\wamp64\www\CI\system\Database\MySQLi\Connection.php:312
Stack trace:
#0 C:\wamp64\www\CI\system\Database\MySQLi\Connection.php(312): mysqli->query('INSERT INTO `te...', 0)
#1 C:\wamp64\www\CI\system\Database\BaseConnection.php(734): CodeIgniter\Database\MySQLi\Connection->execute('INSERT INTO `te...')
#2 C:\wamp64\www\CI\system\Database\BaseConnection.php(648): CodeIgniter\Database\BaseConnection->simpleQuery('INSERT INTO `te...')
#3 C:\wamp64\www\CI\system\Database\BaseBuilder.php(2340): CodeIgniter\Database\BaseConnection->query('INSERT INTO `te...', Array, false)
#4 C:\wamp64\www\CI\system\Model.php(394): CodeIgniter\Database\BaseBuilder->insert()
#5 C:\wamp64\www\CI\system\BaseModel.php(839): CodeIgniter\Model->doInsert(Array)
#6 C:\wamp64\www\CI\system\Model.php(800): CodeIgniter\BaseModel->insert(Array, true)
#7 C:\wamp64\www\CI\app\Controllers\Teachers.php(45): CodeIgniter\Model->insert(Array)
#8 C:\wamp64\www\CI\system\CodeIgniter.php(933): App\Controllers\Teachers->create()
#9 C:\wamp64\www\CI\system\CodeIgniter.php(509): CodeIgniter\CodeIgniter->runController(Object(App\Controllers\Teachers))
#10 C:\wamp64\www\CI\system\CodeIgniter.php(355): CodeIgniter\CodeIgniter->handleRequest(NULL, Object(Config\Cache), false)
#11 C:\wamp64\www\CI\system\Boot.php(334): CodeIgniter\CodeIgniter->run()
#12 C:\wamp64\www\CI\system\Boot.php(67): CodeIgniter\Boot::runCodeIgniter(Object(CodeIgniter\CodeIgniter))
#13 C:\wamp64\www\CI\public\index.php(56): CodeIgniter\Boot::bootWeb(Object(Config\Paths))
#14 {main}
CRITICAL - 2025-02-18 11:59:27 --> CodeIgniter\Database\Exceptions\DatabaseException: Le champ 'statut_paiement' ne peut être vide (null)
[Method: POST, Route: teachers/create]
in SYSTEMPATH\Database\BaseConnection.php on line 688.
 1 SYSTEMPATH\Database\BaseBuilder.php(2340): CodeIgniter\Database\BaseConnection->query('INSERT INTO `teacher` (`nom`, `contact`, `email`, `intervenant`, `statut_paiement`) VALUES (:nom:, :contact:, :email:, :intervenant:, :statut_paiement:)', [...], false)
 2 SYSTEMPATH\Model.php(394): CodeIgniter\Database\BaseBuilder->insert()
 3 SYSTEMPATH\BaseModel.php(839): CodeIgniter\Model->doInsert([...])
 4 SYSTEMPATH\Model.php(800): CodeIgniter\BaseModel->insert([...], true)
 5 APPPATH\Controllers\Teachers.php(45): CodeIgniter\Model->insert([...])
 6 SYSTEMPATH\CodeIgniter.php(933): App\Controllers\Teachers->create()
 7 SYSTEMPATH\CodeIgniter.php(509): CodeIgniter\CodeIgniter->runController(Object(App\Controllers\Teachers))
 8 SYSTEMPATH\CodeIgniter.php(355): CodeIgniter\CodeIgniter->handleRequest(null, Object(Config\Cache), false)
 9 SYSTEMPATH\Boot.php(334): CodeIgniter\CodeIgniter->run()
10 SYSTEMPATH\Boot.php(67): CodeIgniter\Boot::runCodeIgniter(Object(CodeIgniter\CodeIgniter))
11 FCPATH\index.php(56): CodeIgniter\Boot::bootWeb(Object(Config\Paths))
CRITICAL - 2025-02-18 11:59:27 --> [Caused by] CodeIgniter\Database\Exceptions\DatabaseException: Le champ 'statut_paiement' ne peut être vide (null)
in SYSTEMPATH\Database\MySQLi\Connection.php on line 317.
 1 SYSTEMPATH\Database\BaseConnection.php(734): CodeIgniter\Database\MySQLi\Connection->execute('INSERT INTO `teacher` (`nom`, `contact`, `email`, `intervenant`, `statut_paiement`) VALUES (\'anjara\', \'0342993487\', \'misandy@gmail.com\', \'Electronique\', NULL)')
 2 SYSTEMPATH\Database\BaseConnection.php(648): CodeIgniter\Database\BaseConnection->simpleQuery('INSERT INTO `teacher` (`nom`, `contact`, `email`, `intervenant`, `statut_paiement`) VALUES (\'anjara\', \'0342993487\', \'misandy@gmail.com\', \'Electronique\', NULL)')
 3 SYSTEMPATH\Database\BaseBuilder.php(2340): CodeIgniter\Database\BaseConnection->query('INSERT INTO `teacher` (`nom`, `contact`, `email`, `intervenant`, `statut_paiement`) VALUES (:nom:, :contact:, :email:, :intervenant:, :statut_paiement:)', [...], false)
 4 SYSTEMPATH\Model.php(394): CodeIgniter\Database\BaseBuilder->insert()
 5 SYSTEMPATH\BaseModel.php(839): CodeIgniter\Model->doInsert([...])
 6 SYSTEMPATH\Model.php(800): CodeIgniter\BaseModel->insert([...], true)
 7 APPPATH\Controllers\Teachers.php(45): CodeIgniter\Model->insert([...])
 8 SYSTEMPATH\CodeIgniter.php(933): App\Controllers\Teachers->create()
 9 SYSTEMPATH\CodeIgniter.php(509): CodeIgniter\CodeIgniter->runController(Object(App\Controllers\Teachers))
10 SYSTEMPATH\CodeIgniter.php(355): CodeIgniter\CodeIgniter->handleRequest(null, Object(Config\Cache), false)
11 SYSTEMPATH\Boot.php(334): CodeIgniter\CodeIgniter->run()
12 SYSTEMPATH\Boot.php(67): CodeIgniter\Boot::runCodeIgniter(Object(CodeIgniter\CodeIgniter))
13 FCPATH\index.php(56): CodeIgniter\Boot::bootWeb(Object(Config\Paths))
CRITICAL - 2025-02-18 11:59:27 --> [Caused by] mysqli_sql_exception: Le champ 'statut_paiement' ne peut être vide (null)
in SYSTEMPATH\Database\MySQLi\Connection.php on line 312.
 1 SYSTEMPATH\Database\MySQLi\Connection.php(312): mysqli->query('INSERT INTO `teacher` (`nom`, `contact`, `email`, `intervenant`, `statut_paiement`) VALUES (\'anjara\', \'0342993487\', \'misandy@gmail.com\', \'Electronique\', NULL)', 0)
 2 SYSTEMPATH\Database\BaseConnection.php(734): CodeIgniter\Database\MySQLi\Connection->execute('INSERT INTO `teacher` (`nom`, `contact`, `email`, `intervenant`, `statut_paiement`) VALUES (\'anjara\', \'0342993487\', \'misandy@gmail.com\', \'Electronique\', NULL)')
 3 SYSTEMPATH\Database\BaseConnection.php(648): CodeIgniter\Database\BaseConnection->simpleQuery('INSERT INTO `teacher` (`nom`, `contact`, `email`, `intervenant`, `statut_paiement`) VALUES (\'anjara\', \'0342993487\', \'misandy@gmail.com\', \'Electronique\', NULL)')
 4 SYSTEMPATH\Database\BaseBuilder.php(2340): CodeIgniter\Database\BaseConnection->query('INSERT INTO `teacher` (`nom`, `contact`, `email`, `intervenant`, `statut_paiement`) VALUES (:nom:, :contact:, :email:, :intervenant:, :statut_paiement:)', [...], false)
 5 SYSTEMPATH\Model.php(394): CodeIgniter\Database\BaseBuilder->insert()
 6 SYSTEMPATH\BaseModel.php(839): CodeIgniter\Model->doInsert([...])
 7 SYSTEMPATH\Model.php(800): CodeIgniter\BaseModel->insert([...], true)
 8 APPPATH\Controllers\Teachers.php(45): CodeIgniter\Model->insert([...])
 9 SYSTEMPATH\CodeIgniter.php(933): App\Controllers\Teachers->create()
10 SYSTEMPATH\CodeIgniter.php(509): CodeIgniter\CodeIgniter->runController(Object(App\Controllers\Teachers))
11 SYSTEMPATH\CodeIgniter.php(355): CodeIgniter\CodeIgniter->handleRequest(null, Object(Config\Cache), false)
12 SYSTEMPATH\Boot.php(334): CodeIgniter\CodeIgniter->run()
13 SYSTEMPATH\Boot.php(67): CodeIgniter\Boot::runCodeIgniter(Object(CodeIgniter\CodeIgniter))
14 FCPATH\index.php(56): CodeIgniter\Boot::bootWeb(Object(Config\Paths))
ERROR - 2025-02-18 20:25:53 --> mysqli_sql_exception: La table 'bd_ci.fees' n'existe pas in C:\wamp64\www\CI\system\Database\MySQLi\Connection.php:312
Stack trace:
#0 C:\wamp64\www\CI\system\Database\MySQLi\Connection.php(312): mysqli->query('SELECT SUM(amou...', 0)
#1 C:\wamp64\www\CI\system\Database\BaseConnection.php(734): CodeIgniter\Database\MySQLi\Connection->execute('SELECT SUM(amou...')
#2 C:\wamp64\www\CI\system\Database\BaseConnection.php(648): CodeIgniter\Database\BaseConnection->simpleQuery('SELECT SUM(amou...')
#3 C:\wamp64\www\CI\app\Models\DashboardModel.php(24): CodeIgniter\Database\BaseConnection->query('SELECT SUM(amou...')
#4 C:\wamp64\www\CI\app\Controllers\Dashboard.php(23): App\Models\DashboardModel->getSum('fees', 'amount')
#5 C:\wamp64\www\CI\system\CodeIgniter.php(933): App\Controllers\Dashboard->dashboard()
#6 C:\wamp64\www\CI\system\CodeIgniter.php(509): CodeIgniter\CodeIgniter->runController(Object(App\Controllers\Dashboard))
#7 C:\wamp64\www\CI\system\CodeIgniter.php(355): CodeIgniter\CodeIgniter->handleRequest(NULL, Object(Config\Cache), false)
#8 C:\wamp64\www\CI\system\Boot.php(334): CodeIgniter\CodeIgniter->run()
#9 C:\wamp64\www\CI\system\Boot.php(67): CodeIgniter\Boot::runCodeIgniter(Object(CodeIgniter\CodeIgniter))
#10 C:\wamp64\www\CI\public\index.php(56): CodeIgniter\Boot::bootWeb(Object(Config\Paths))
#11 {main}
CRITICAL - 2025-02-18 20:25:53 --> CodeIgniter\Database\Exceptions\DatabaseException: La table 'bd_ci.fees' n'existe pas
[Method: GET, Route: dashboard]
in SYSTEMPATH\Database\BaseConnection.php on line 688.
 1 APPPATH\Models\DashboardModel.php(24): CodeIgniter\Database\BaseConnection->query('SELECT SUM(amount) as total FROM fees')
 2 APPPATH\Controllers\Dashboard.php(23): App\Models\DashboardModel->getSum('fees', 'amount')
 3 SYSTEMPATH\CodeIgniter.php(933): App\Controllers\Dashboard->dashboard()
 4 SYSTEMPATH\CodeIgniter.php(509): CodeIgniter\CodeIgniter->runController(Object(App\Controllers\Dashboard))
 5 SYSTEMPATH\CodeIgniter.php(355): CodeIgniter\CodeIgniter->handleRequest(null, Object(Config\Cache), false)
 6 SYSTEMPATH\Boot.php(334): CodeIgniter\CodeIgniter->run()
 7 SYSTEMPATH\Boot.php(67): CodeIgniter\Boot::runCodeIgniter(Object(CodeIgniter\CodeIgniter))
 8 FCPATH\index.php(56): CodeIgniter\Boot::bootWeb(Object(Config\Paths))
CRITICAL - 2025-02-18 20:25:53 --> [Caused by] CodeIgniter\Database\Exceptions\DatabaseException: La table 'bd_ci.fees' n'existe pas
in SYSTEMPATH\Database\MySQLi\Connection.php on line 317.
 1 SYSTEMPATH\Database\BaseConnection.php(734): CodeIgniter\Database\MySQLi\Connection->execute('SELECT SUM(amount) as total FROM fees')
 2 SYSTEMPATH\Database\BaseConnection.php(648): CodeIgniter\Database\BaseConnection->simpleQuery('SELECT SUM(amount) as total FROM fees')
 3 APPPATH\Models\DashboardModel.php(24): CodeIgniter\Database\BaseConnection->query('SELECT SUM(amount) as total FROM fees')
 4 APPPATH\Controllers\Dashboard.php(23): App\Models\DashboardModel->getSum('fees', 'amount')
 5 SYSTEMPATH\CodeIgniter.php(933): App\Controllers\Dashboard->dashboard()
 6 SYSTEMPATH\CodeIgniter.php(509): CodeIgniter\CodeIgniter->runController(Object(App\Controllers\Dashboard))
 7 SYSTEMPATH\CodeIgniter.php(355): CodeIgniter\CodeIgniter->handleRequest(null, Object(Config\Cache), false)
 8 SYSTEMPATH\Boot.php(334): CodeIgniter\CodeIgniter->run()
 9 SYSTEMPATH\Boot.php(67): CodeIgniter\Boot::runCodeIgniter(Object(CodeIgniter\CodeIgniter))
10 FCPATH\index.php(56): CodeIgniter\Boot::bootWeb(Object(Config\Paths))
CRITICAL - 2025-02-18 20:25:53 --> [Caused by] mysqli_sql_exception: La table 'bd_ci.fees' n'existe pas
in SYSTEMPATH\Database\MySQLi\Connection.php on line 312.
 1 SYSTEMPATH\Database\MySQLi\Connection.php(312): mysqli->query('SELECT SUM(amount) as total FROM fees', 0)
 2 SYSTEMPATH\Database\BaseConnection.php(734): CodeIgniter\Database\MySQLi\Connection->execute('SELECT SUM(amount) as total FROM fees')
 3 SYSTEMPATH\Database\BaseConnection.php(648): CodeIgniter\Database\BaseConnection->simpleQuery('SELECT SUM(amount) as total FROM fees')
 4 APPPATH\Models\DashboardModel.php(24): CodeIgniter\Database\BaseConnection->query('SELECT SUM(amount) as total FROM fees')
 5 APPPATH\Controllers\Dashboard.php(23): App\Models\DashboardModel->getSum('fees', 'amount')
 6 SYSTEMPATH\CodeIgniter.php(933): App\Controllers\Dashboard->dashboard()
 7 SYSTEMPATH\CodeIgniter.php(509): CodeIgniter\CodeIgniter->runController(Object(App\Controllers\Dashboard))
 8 SYSTEMPATH\CodeIgniter.php(355): CodeIgniter\CodeIgniter->handleRequest(null, Object(Config\Cache), false)
 9 SYSTEMPATH\Boot.php(334): CodeIgniter\CodeIgniter->run()
10 SYSTEMPATH\Boot.php(67): CodeIgniter\Boot::runCodeIgniter(Object(CodeIgniter\CodeIgniter))
11 FCPATH\index.php(56): CodeIgniter\Boot::bootWeb(Object(Config\Paths))
CRITICAL - 2025-02-18 20:29:07 --> ErrorException: Undefined variable $totalTeacher
[Method: GET, Route: dashboard]
in APPPATH\Views\dashboard.php on line 125.
 1 APPPATH\Views\dashboard.php(125): CodeIgniter\Debug\Exceptions->errorHandler(2, 'Undefined variable $totalTeacher', 'C:\\wamp64\\www\\CI\\app\\Views\\dashboard.php', 125)
 2 SYSTEMPATH\View\View.php(234): include('C:\\wamp64\\www\\CI\\app\\Views\\dashboard.php')
 3 SYSTEMPATH\View\View.php(237): CodeIgniter\View\View->CodeIgniter\View\{closure}()
 4 SYSTEMPATH\Common.php(1171): CodeIgniter\View\View->render('dashboard', [], true)
 5 APPPATH\Controllers\Dashboard.php(26): view('dashboard', [...])
 6 SYSTEMPATH\CodeIgniter.php(933): App\Controllers\Dashboard->dashboard()
 7 SYSTEMPATH\CodeIgniter.php(509): CodeIgniter\CodeIgniter->runController(Object(App\Controllers\Dashboard))
 8 SYSTEMPATH\CodeIgniter.php(355): CodeIgniter\CodeIgniter->handleRequest(null, Object(Config\Cache), false)
 9 SYSTEMPATH\Boot.php(334): CodeIgniter\CodeIgniter->run()
10 SYSTEMPATH\Boot.php(67): CodeIgniter\Boot::runCodeIgniter(Object(CodeIgniter\CodeIgniter))
11 FCPATH\index.php(56): CodeIgniter\Boot::bootWeb(Object(Config\Paths))
